Flow report for Moore
Fri Nov 20 19:41:15 2020
Quartus II 64-Bit Version 13.0.1 Build 232 06/12/2013 Service Pack 1 SJ Web Edition


---------------------
; Table of Contents ;
---------------------
  1. Legal Notice
  2. Flow Summary
  3. Flow Settings
  4. Flow Non-Default Global Settings
  5. Flow Elapsed Time
  6. Flow OS Summary
  7. Flow Log
  8. Flow Messages
  9. Flow Suppressed Messages



----------------
; Legal Notice ;
----------------
Copyright (C) 1991-2013 Altera Corporation
Your use of Altera Corporation's design tools, logic functions 
and other software and tools, and its AMPP partner logic 
functions, and any output files from any of the foregoing 
(including device programming or simulation files), and any 
associated documentation or information are expressly subject 
to the terms and conditions of the Altera Program License 
Subscription Agreement, Altera MegaCore Function License 
Agreement, or other applicable license agreement, including, 
without limitation, that your use is for the sole purpose of 
programming logic devices manufactured by Altera and sold by 
Altera or its authorized distributors.  Please refer to the 
applicable agreement for further details.



+--------------------------------------------------------------------------------------+
; Flow Summary                                                                         ;
+------------------------------------+-------------------------------------------------+
; Flow Status                        ; Successful - Fri Nov 20 19:41:15 2020           ;
; Quartus II 64-Bit Version          ; 13.0.1 Build 232 06/12/2013 SP 1 SJ Web Edition ;
; Revision Name                      ; Moore                                           ;
; Top-level Entity Name              ; Mooreblock                                      ;
; Family                             ; Cyclone II                                      ;
; Device                             ; EP2C35F672C6                                    ;
; Timing Models                      ; Final                                           ;
; Total logic elements               ; 22 / 33,216 ( < 1 % )                           ;
;     Total combinational functions  ; 18 / 33,216 ( < 1 % )                           ;
;     Dedicated logic registers      ; 9 / 33,216 ( < 1 % )                            ;
; Total registers                    ; 9                                               ;
; Total pins                         ; 31 / 475 ( 7 % )                                ;
; Total virtual pins                 ; 0                                               ;
; Total memory bits                  ; 0 / 483,840 ( 0 % )                             ;
; Embedded Multiplier 9-bit elements ; 0 / 70 ( 0 % )                                  ;
; Total PLLs                         ; 0 / 4 ( 0 % )                                   ;
+------------------------------------+-------------------------------------------------+


+-----------------------------------------+
; Flow Settings                           ;
+-------------------+---------------------+
; Option            ; Setting             ;
+-------------------+---------------------+
; Start date & time ; 11/20/2020 19:37:46 ;
; Main task         ; Compilation         ;
; Revision Name     ; Moore               ;
+-------------------+---------------------+


+------------------------------------------------------------------------------------------------------------------------------------------------------------------------+
; Flow Non-Default Global Settings                                                                                                                                       ;
+-------------------------------------+-----------------------------------------------------------------------------------+---------------+-------------+----------------+
; Assignment Name                     ; Value                                                                             ; Default Value ; Entity Name ; Section Id     ;
+-------------------------------------+-----------------------------------------------------------------------------------+---------------+-------------+----------------+
; COMPILER_SIGNATURE_ID               ; 158238748221.160591906602712                                                      ; --            ; --          ; --             ;
; EDA_GENERATE_FUNCTIONAL_NETLIST     ; On                                                                                ; --            ; --          ; eda_simulation ;
; EDA_OUTPUT_DATA_FORMAT              ; Verilog Hdl                                                                       ; --            ; --          ; eda_simulation ;
; EDA_SIMULATION_TOOL                 ; ModelSim-Altera (Verilog)                                                         ; <None>        ; --          ; --             ;
; MAX_CORE_JUNCTION_TEMP              ; 85                                                                                ; --            ; --          ; --             ;
; MIN_CORE_JUNCTION_TEMP              ; 0                                                                                 ; --            ; --          ; --             ;
; PARTITION_COLOR                     ; 16764057                                                                          ; --            ; Mooreblock  ; Top            ;
; PARTITION_FITTER_PRESERVATION_LEVEL ; PLACEMENT_AND_ROUTING                                                             ; --            ; Mooreblock  ; Top            ;
; PARTITION_NETLIST_TYPE              ; SOURCE                                                                            ; --            ; Mooreblock  ; Top            ;
; POWER_BOARD_THERMAL_MODEL           ; None (CONSERVATIVE)                                                               ; --            ; --          ; --             ;
; POWER_PRESET_COOLING_SOLUTION       ; 23 MM HEAT SINK WITH 200 LFPM AIRFLOW                                             ; --            ; --          ; --             ;
; PROJECT_OUTPUT_DIRECTORY            ; output_files                                                                      ; --            ; --          ; --             ;
; SEARCH_PATH                         ; c:\users\admin\desktop\coe 328 labs\coe 328 lab (5)\final combination(moore)\sseg ; --            ; --          ; --             ;
; SEARCH_PATH                         ; c:\users\admin\desktop\coe 328 labs\coe 328 lab (5)\lab5 (moore)                  ; --            ; --          ; --             ;
; TOP_LEVEL_ENTITY                    ; Mooreblock                                                                        ; Moore         ; --          ; --             ;
+-------------------------------------+-----------------------------------------------------------------------------------+---------------+-------------+----------------+


+-------------------------------------------------------------------------------------------------------------------------------+
; Flow Elapsed Time                                                                                                             ;
+---------------------------+--------------+-------------------------+---------------------+------------------------------------+
; Module Name               ; Elapsed Time ; Average Processors Used ; Peak Virtual Memory ; Total CPU Time (on all processors) ;
+---------------------------+--------------+-------------------------+---------------------+------------------------------------+
; Analysis & Synthesis      ; 00:00:02     ; 1.0                     ; 481 MB              ; 00:00:02                           ;
; Fitter                    ; 00:00:06     ; 1.0                     ; 661 MB              ; 00:00:06                           ;
; Assembler                 ; 00:00:02     ; 1.0                     ; 425 MB              ; 00:00:02                           ;
; TimeQuest Timing Analyzer ; 00:00:02     ; 1.0                     ; 389 MB              ; 00:00:01                           ;
; EDA Netlist Writer        ; 00:00:01     ; 1.0                     ; 372 MB              ; 00:00:00                           ;
; EDA Netlist Writer        ; 00:00:00     ; 1.0                     ; 379 MB              ; 00:00:01                           ;
; EDA Netlist Writer        ; 00:00:00     ; 1.0                     ; 379 MB              ; 00:00:01                           ;
; EDA Netlist Writer        ; 00:00:01     ; 1.0                     ; 379 MB              ; 00:00:01                           ;
; EDA Netlist Writer        ; 00:00:01     ; 1.0                     ; 379 MB              ; 00:00:01                           ;
; EDA Netlist Writer        ; 00:00:01     ; 1.0                     ; 379 MB              ; 00:00:01                           ;
; EDA Netlist Writer        ; 00:00:01     ; 1.0                     ; 379 MB              ; 00:00:01                           ;
; Total                     ; 00:00:17     ; --                      ; --                  ; 00:00:17                           ;
+---------------------------+--------------+-------------------------+---------------------+------------------------------------+


+----------------------------------------------------------------------------------------+
; Flow OS Summary                                                                        ;
+---------------------------+------------------+-----------+------------+----------------+
; Module Name               ; Machine Hostname ; OS Name   ; OS Version ; Processor type ;
+---------------------------+------------------+-----------+------------+----------------+
; Analysis & Synthesis      ; Admin-PC         ; Windows 7 ; 6.1        ; x86_64         ;
; Fitter                    ; Admin-PC         ; Windows 7 ; 6.1        ; x86_64         ;
; Assembler                 ; Admin-PC         ; Windows 7 ; 6.1        ; x86_64         ;
; TimeQuest Timing Analyzer ; Admin-PC         ; Windows 7 ; 6.1        ; x86_64         ;
; EDA Netlist Writer        ; Admin-PC         ; Windows 7 ; 6.1        ; x86_64         ;
; EDA Netlist Writer        ; Admin-PC         ; Windows 7 ; 6.1        ; x86_64         ;
; EDA Netlist Writer        ; Admin-PC         ; Windows 7 ; 6.1        ; x86_64         ;
; EDA Netlist Writer        ; Admin-PC         ; Windows 7 ; 6.1        ; x86_64         ;
; EDA Netlist Writer        ; Admin-PC         ; Windows 7 ; 6.1        ; x86_64         ;
; EDA Netlist Writer        ; Admin-PC         ; Windows 7 ; 6.1        ; x86_64         ;
; EDA Netlist Writer        ; Admin-PC         ; Windows 7 ; 6.1        ; x86_64         ;
+---------------------------+------------------+-----------+------------+----------------+


------------
; Flow Log ;
------------
quartus_map --read_settings_files=on --write_settings_files=off Moore -c Moore
quartus_fit --read_settings_files=off --write_settings_files=off Moore -c Moore
quartus_asm --read_settings_files=off --write_settings_files=off Moore -c Moore
quartus_sta Moore -c Moore
quartus_eda --read_settings_files=off --write_settings_files=off Moore -c Moore
quartus_eda --gen_testbench --check_outputs=on --tool=modelsim_oem --format=verilog Moore -c Moore --vector_source="C:/Users/Admin/Desktop/COE 328 Labs/COE 328 Lab (5)/Final Combination(MOORE)/MooreWaveform.vwf" --testbench_file=./simulation/qsim/Moore.vt
quartus_eda --functional=on --simulation=on --tool=modelsim_oem --format=verilog Moore -c Moore
quartus_eda --gen_testbench --check_outputs=on --tool=modelsim_oem --format=verilog Moore -c Moore --vector_source="C:/Users/Admin/Desktop/COE 328 Labs/COE 328 Lab (5)/Final Combination(MOORE)/MooreWaveform.vwf" --testbench_file=./simulation/qsim/Moore.vt
quartus_eda --functional=on --simulation=on --tool=modelsim_oem --format=verilog Moore -c Moore
quartus_eda --gen_testbench --check_outputs=on --tool=modelsim_oem --format=verilog Moore -c Moore --vector_source="C:/Users/Admin/Desktop/COE 328 Labs/COE 328 Lab (5)/Final Combination(MOORE)/MooreWaveform.vwf" --testbench_file=./simulation/qsim/Moore.vt
quartus_eda --functional=on --simulation=on --tool=modelsim_oem --format=verilog Moore -c Moore



